<?xml version="1.0" encoding="UTF-8"?>
<!-- Generated by org.testng.reporters.JUnitReportReporter -->
<testsuite hostname="YahyaMahmudiy" failures="0" tests="1" name="com.chrome.DockerWithChrome1" time="16.034" errors="0" timestamp="2023-02-24T21:28:55 UZT" skipped="0">
  <testcase classname="com.chrome.DockerWithChrome1" name="test1" time="16.034"/>
  <system-out/>
</testsuite> <!-- com.chrome.DockerWithChrome1 -->
