<?xml version="1.0" encoding="UTF-8"?>
<!-- Generated by org.testng.reporters.JUnitReportReporter -->
<testsuite hostname="YahyaMahmudiy" failures="0" tests="1" name="com.firefox.DockerWithFirefox" time="19.653" errors="0" timestamp="2023-02-24T21:28:55 UZT" skipped="0">
  <testcase classname="com.firefox.DockerWithFirefox" name="test" time="19.653"/>
  <system-out/>
</testsuite> <!-- com.firefox.DockerWithFirefox -->
